Script started on 2024-12-21 12:15:32+00:00 [TERM="xterm-256color" TTY="/dev/pts/0" COLUMNS="120" LINES="30"]
[34mINFO    [0m default scenario test matrix: dependency, lint, cleanup, destroy, syntax, create, prepare, converge, idempotence, side_effect, verify, cleanup, destroy
[34mINFO    [0m Performing prerun with [33mrole_name_check[0m=[1;36m0[0m[33m...[0m
[34mINFO    [0m Set [33mANSIBLE_LIBRARY[0m=[35m/home/vagrant/.cache/ansible-compat/e383f4/[0m[95mmodules[0m:[35m/home/vagrant/.ansible/plugins/[0m[95mmodules[0m:[35m/usr/share/ansible/plugins/[0m[95mmodules[0m
[34mINFO    [0m Set [33mANSIBLE_COLLECTIONS_PATH[0m=[35m/home/vagrant/.cache/ansible-compat/e383f4/[0m[95mcollections[0m:[35m/home/vagrant/.ansible/[0m[95mcollections[0m:[35m/usr/share/ansible/[0m[95mcollections[0m
[34mINFO    [0m Set [33mANSIBLE_ROLES_PATH[0m=[35m/home/vagrant/.cache/ansible-compat/e383f4/[0m[95mroles[0m:[35m/home/vagrant/.ansible/[0m[95mroles[0m:[35m/usr/share/ansible/[0m[95mroles[0m:[35m/etc/ansible/[0m[95mroles[0m
[34mINFO    [0m Using [35m/home/vagrant/.cache/ansible-compat/e383f4/roles/[0m[95mgalaxy_openvpn.openvpn[0m symlink to current repository in order to enable Ansible to find the role using its expected full name.
[34mINFO    [0m [2;36mRunning [0m[2;32mdefault[0m[2;36m > [0m[2;32mdependency[0m
[31mWARNING [0m Skipping, missing the requirements file.
[31mWARNING [0m Skipping, missing the requirements file.
[34mINFO    [0m [2;36mRunning [0m[2;32mdefault[0m[2;36m > [0m[2;32mlint[0m
[34mINFO    [0m Lint is disabled.
[34mINFO    [0m [2;36mRunning [0m[2;32mdefault[0m[2;36m > [0m[2;32mcleanup[0m
[31mWARNING [0m Skipping, cleanup playbook not configured.
[34mINFO    [0m [2;36mRunning [0m[2;32mdefault[0m[2;36m > [0m[2;32mdestroy[0m
[34mINFO    [0m Sanity checks: [32m'docker'[0m
[1;35m[WARNING]: Collection community.docker does not support Ansible version 2.13.13[0m

PLAY [Destroy] *****************************************************************

TASK [Set async_dir for HOME env] **********************************************
[32mok: [localhost][0m

TASK [Destroy molecule instance(s)] ********************************************
[33mchanged: [localhost] => (item=instance)[0m

TASK [Wait for instance(s) deletion to complete] *******************************
[32mok: [localhost] => (item=instance)[0m

TASK [Delete docker networks(s)] ***********************************************

PLAY RECAP *********************************************************************
[33mlocalhost[0m                  : [32mok=3   [0m [33mchanged=1   [0m unreachable=0    failed=0    [36mskipped=1   [0m rescued=0    ignored=0

[34mINFO    [0m [2;36mRunning [0m[2;32mdefault[0m[2;36m > [0m[2;32msyntax[0m

playbook: /home/vagrant/openvpn/molecule/default/converge.yml
[34mINFO    [0m [2;36mRunning [0m[2;32mdefault[0m[2;36m > [0m[2;32mcreate[0m
[1;35m[WARNING]: Collection community.docker does not support Ansible version 2.13.13[0m
[1;35m[WARNING]: Collection ansible.posix does not support Ansible version 2.13.13[0m

PLAY [Create] ******************************************************************

TASK [Set async_dir for HOME env] **********************************************
[32mok: [localhost][0m

TASK [Log into a Docker registry] **********************************************
[36mskipping: [localhost] => (item=None) [0m
[36mskipping: [localhost][0m

TASK [Check presence of custom Dockerfiles] ************************************
[32mok: [localhost] => (item={'image': 'geerlingguy/docker-ubuntu2004-ansible', 'name': 'instance', 'pre_build_image': True, 'privileged': True})[0m

TASK [Create Dockerfiles from image names] *************************************
[36mskipping: [localhost] => (item={'image': 'geerlingguy/docker-ubuntu2004-ansible', 'name': 'instance', 'pre_build_image': True, 'privileged': True})[0m

TASK [Synchronization the context] *********************************************
[36mskipping: [localhost] => (item={'image': 'geerlingguy/docker-ubuntu2004-ansible', 'name': 'instance', 'pre_build_image': True, 'privileged': True})[0m

TASK [Discover local Docker images] ********************************************
[32mok: [localhost] => (item={'changed': False, 'skipped': True, 'skip_reason': 'Conditional result was False', 'item': {'image': 'geerlingguy/docker-ubuntu2004-ansible', 'name': 'instance', 'pre_build_image': True, 'privileged': True}, 'ansible_loop_var': 'item', 'i': 0, 'ansible_index_var': 'i'})[0m

TASK [Build an Ansible compatible image (new)] *********************************
[36mskipping: [localhost] => (item=molecule_local/geerlingguy/docker-ubuntu2004-ansible) [0m

TASK [Create docker network(s)] ************************************************

TASK [Determine the CMD directives] ********************************************
[32mok: [localhost] => (item={'image': 'geerlingguy/docker-ubuntu2004-ansible', 'name': 'instance', 'pre_build_image': True, 'privileged': True})[0m

TASK [Create molecule instance(s)] *********************************************
[33mchanged: [localhost] => (item=instance)[0m

TASK [Wait for instance(s) creation to complete] *******************************
[1;30mFAILED - RETRYING: [localhost]: Wait for instance(s) creation to complete (300 retries left).[0m
[33mchanged: [localhost] => (item={'failed': 0, 'started': 1, 'finished': 0, 'ansible_job_id': '88516238718.6328', 'results_file': '/home/vagrant/.ansible_async/88516238718.6328', 'changed': True, 'item': {'image': 'geerlingguy/docker-ubuntu2004-ansible', 'name': 'instance', 'pre_build_image': True, 'privileged': True}, 'ansible_loop_var': 'item'})[0m

PLAY RECAP *********************************************************************
[33mlocalhost[0m                  : [32mok=6   [0m [33mchanged=2   [0m unreachable=0    failed=0    [36mskipped=5   [0m rescued=0    ignored=0

[34mINFO    [0m [2;36mRunning [0m[2;32mdefault[0m[2;36m > [0m[2;32mprepare[0m
[31mWARNING [0m Skipping, prepare playbook not configured.
[34mINFO    [0m [2;36mRunning [0m[2;32mdefault[0m[2;36m > [0m[2;32mconverge[0m

PLAY [Converge] ****************************************************************

TASK [Gathering Facts] *********************************************************
[1;35m[WARNING]: Collection community.docker does not support Ansible version 2.13.13[0m
[32mok: [instance][0m

TASK [openvpn : Update apt cache] **********************************************
[1;35m[WARNING]: Collection community.docker does not support Ansible version 2.13.13[0m
[32mok: [instance][0m

TASK [openvpn : Install OpenVPN and Easy-RSA] **********************************
[1;35m[WARNING]: Collection community.docker does not support Ansible version 2.13.13[0m
[33mchanged: [instance][0m

TASK [openvpn : Check if Easy-RSA directory exists] ****************************
[1;35m[WARNING]: Collection community.docker does not support Ansible version 2.13.13[0m
[32mok: [instance][0m

TASK [openvpn : Create Easy-RSA directory if it doesn't exist] *****************
[1;35m[WARNING]: Collection community.docker does not support Ansible version 2.13.13[0m
[33mchanged: [instance][0m

TASK [openvpn : Check if PKI directory exists] *********************************
[1;35m[WARNING]: Collection community.docker does not support Ansible version 2.13.13[0m
[32mok: [instance][0m

TASK [openvpn : Create PKI directory if it doesn't exist] **********************
[1;35m[WARNING]: Collection community.docker does not support Ansible version 2.13.13[0m
[33mchanged: [instance][0m

TASK [openvpn : Check if CA certificate already exists] ************************
[1;35m[WARNING]: Collection community.docker does not support Ansible version 2.13.13[0m
[32mok: [instance][0m

TASK [openvpn : Build CA without password and common name] *********************
[1;35m[WARNING]: Collection community.docker does not support Ansible version 2.13.13[0m
[33mchanged: [instance][0m

TASK [openvpn : Check if server key already exists] ****************************
[1;35m[WARNING]: Collection community.docker does not support Ansible version 2.13.13[0m
[32mok: [instance][0m

TASK [openvpn : Generate server request without password] **********************
[1;35m[WARNING]: Collection community.docker does not support Ansible version 2.13.13[0m
[33mchanged: [instance][0m

TASK [openvpn : Check if server certificate already exists] ********************
[1;35m[WARNING]: Collection community.docker does not support Ansible version 2.13.13[0m
[32mok: [instance][0m

TASK [openvpn : Request sign for server certificate] ***************************
[1;35m[WARNING]: Collection community.docker does not support Ansible version 2.13.13[0m
[33mchanged: [instance][0m

TASK [openvpn : Check if Diffie-Hellman parameters already exist] **************
[1;35m[WARNING]: Collection community.docker does not support Ansible version 2.13.13[0m
[32mok: [instance][0m

TASK [openvpn : Generate Diffie-Hellman parameters] ****************************
[1;35m[WARNING]: Collection community.docker does not support Ansible version 2.13.13[0m
[33mchanged: [instance][0m

TASK [openvpn : Check if TLS key already exists] *******************************
[1;35m[WARNING]: Collection community.docker does not support Ansible version 2.13.13[0m
[32mok: [instance][0m

TASK [openvpn : Generate TLS key] **********************************************
[1;35m[WARNING]: Collection community.docker does not support Ansible version 2.13.13[0m
[33mchanged: [instance][0m

TASK [openvpn : Ensure OpenVPN directory] **************************************
[1;35m[WARNING]: Collection community.docker does not support Ansible version 2.13.13[0m
[32mok: [instance][0m

TASK [openvpn : Copy required files to OpenVPN directory] **********************
[1;35m[WARNING]: Collection community.docker does not support Ansible version 2.13.13[0m
[33mchanged: [instance] => (item={'src': '/etc/openvpn/easy-rsa/pki/ca.crt', 'dest': '/etc/openvpn//ca.crt'})[0m
[33mchanged: [instance] => (item={'src': '/etc/openvpn/easy-rsa/pki/issued/server.crt', 'dest': '/etc/openvpn//server.crt'})[0m
[33mchanged: [instance] => (item={'src': '/etc/openvpn/easy-rsa/pki/private/server.key', 'dest': '/etc/openvpn//server.key'})[0m
[33mchanged: [instance] => (item={'src': '/etc/openvpn/easy-rsa/pki/dh.pem', 'dest': '/etc/openvpn//dh.pem'})[0m
[33mchanged: [instance] => (item={'src': '/etc/openvpn/easy-rsa/pki/ta.key', 'dest': '/etc/openvpn//ta.key'})[0m

TASK [openvpn : Apply OpenVPN server configuration] ****************************
[1;35m[WARNING]: Collection community.docker does not support Ansible version 2.13.13[0m
[33mchanged: [instance][0m

TASK [openvpn : Check if OpenVPN is running with specific config and any additional parameters] ***
[1;35m[WARNING]: Collection community.docker does not support Ansible version 2.13.13[0m
[32mok: [instance][0m

TASK [openvpn : Start OpenVPN manually if not running] *************************
[36mskipping: [instance][0m

TASK [openvpn : Create client configuration file] ******************************
[1;35m[WARNING]: Collection community.docker does not support Ansible version 2.13.13[0m
[33mchanged: [instance][0m

PLAY RECAP *********************************************************************
[33minstance[0m                   : [32mok=22  [0m [33mchanged=11  [0m unreachable=0    failed=0    [36mskipped=1   [0m rescued=0    ignored=0

[34mINFO    [0m [2;36mRunning [0m[2;32mdefault[0m[2;36m > [0m[2;32midempotence[0m

PLAY [Converge] ****************************************************************

TASK [Gathering Facts] *********************************************************
[1;35m[WARNING]: Collection community.docker does not support Ansible version 2.13.13[0m
[32mok: [instance][0m

TASK [openvpn : Update apt cache] **********************************************
[1;35m[WARNING]: Collection community.docker does not support Ansible version 2.13.13[0m
[32mok: [instance][0m

TASK [openvpn : Install OpenVPN and Easy-RSA] **********************************
[1;35m[WARNING]: Collection community.docker does not support Ansible version 2.13.13[0m
[32mok: [instance][0m

TASK [openvpn : Check if Easy-RSA directory exists] ****************************
[1;35m[WARNING]: Collection community.docker does not support Ansible version 2.13.13[0m
[32mok: [instance][0m

TASK [openvpn : Create Easy-RSA directory if it doesn't exist] *****************
[36mskipping: [instance][0m

TASK [openvpn : Check if PKI directory exists] *********************************
[1;35m[WARNING]: Collection community.docker does not support Ansible version 2.13.13[0m
[32mok: [instance][0m

TASK [openvpn : Create PKI directory if it doesn't exist] **********************
[36mskipping: [instance][0m

TASK [openvpn : Check if CA certificate already exists] ************************
[1;35m[WARNING]: Collection community.docker does not support Ansible version 2.13.13[0m
[32mok: [instance][0m

TASK [openvpn : Build CA without password and common name] *********************
[36mskipping: [instance][0m

TASK [openvpn : Check if server key already exists] ****************************
[1;35m[WARNING]: Collection community.docker does not support Ansible version 2.13.13[0m
[32mok: [instance][0m

TASK [openvpn : Generate server request without password] **********************
[36mskipping: [instance][0m

TASK [openvpn : Check if server certificate already exists] ********************
[1;35m[WARNING]: Collection community.docker does not support Ansible version 2.13.13[0m
[32mok: [instance][0m

TASK [openvpn : Request sign for server certificate] ***************************
[36mskipping: [instance][0m

TASK [openvpn : Check if Diffie-Hellman parameters already exist] **************
[1;35m[WARNING]: Collection community.docker does not support Ansible version 2.13.13[0m
[32mok: [instance][0m

TASK [openvpn : Generate Diffie-Hellman parameters] ****************************
[36mskipping: [instance][0m

TASK [openvpn : Check if TLS key already exists] *******************************
[1;35m[WARNING]: Collection community.docker does not support Ansible version 2.13.13[0m
[32mok: [instance][0m

TASK [openvpn : Generate TLS key] **********************************************
[36mskipping: [instance][0m

TASK [openvpn : Ensure OpenVPN directory] **************************************
[1;35m[WARNING]: Collection community.docker does not support Ansible version 2.13.13[0m
[32mok: [instance][0m

TASK [openvpn : Copy required files to OpenVPN directory] **********************
[1;35m[WARNING]: Collection community.docker does not support Ansible version 2.13.13[0m
[32mok: [instance] => (item={'src': '/etc/openvpn/easy-rsa/pki/ca.crt', 'dest': '/etc/openvpn//ca.crt'})[0m
[32mok: [instance] => (item={'src': '/etc/openvpn/easy-rsa/pki/issued/server.crt', 'dest': '/etc/openvpn//server.crt'})[0m
[32mok: [instance] => (item={'src': '/etc/openvpn/easy-rsa/pki/private/server.key', 'dest': '/etc/openvpn//server.key'})[0m
[32mok: [instance] => (item={'src': '/etc/openvpn/easy-rsa/pki/dh.pem', 'dest': '/etc/openvpn//dh.pem'})[0m
[32mok: [instance] => (item={'src': '/etc/openvpn/easy-rsa/pki/ta.key', 'dest': '/etc/openvpn//ta.key'})[0m

TASK [openvpn : Apply OpenVPN server configuration] ****************************
[1;35m[WARNING]: Collection community.docker does not support Ansible version 2.13.13[0m
[32mok: [instance][0m

TASK [openvpn : Check if OpenVPN is running with specific config and any additional parameters] ***
[1;35m[WARNING]: Collection community.docker does not support Ansible version 2.13.13[0m
[32mok: [instance][0m

TASK [openvpn : Start OpenVPN manually if not running] *************************
[36mskipping: [instance][0m

TASK [openvpn : Create client configuration file] ******************************
[1;35m[WARNING]: Collection community.docker does not support Ansible version 2.13.13[0m
[32mok: [instance][0m

PLAY RECAP *********************************************************************
[32minstance[0m                   : [32mok=15  [0m changed=0    unreachable=0    failed=0    [36mskipped=8   [0m rescued=0    ignored=0

[34mINFO    [0m Idempotence completed successfully.
[34mINFO    [0m [2;36mRunning [0m[2;32mdefault[0m[2;36m > [0m[2;32mside_effect[0m
[31mWARNING [0m Skipping, side effect playbook not configured.
[34mINFO    [0m [2;36mRunning [0m[2;32mdefault[0m[2;36m > [0m[2;32mverify[0m
[34mINFO    [0m Running Ansible Verifier
[31mWARNING [0m Skipping, verify action has no playbook.
[34mINFO    [0m Verifier completed successfully.
[34mINFO    [0m [2;36mRunning [0m[2;32mdefault[0m[2;36m > [0m[2;32mcleanup[0m
[31mWARNING [0m Skipping, cleanup playbook not configured.
[34mINFO    [0m [2;36mRunning [0m[2;32mdefault[0m[2;36m > [0m[2;32mdestroy[0m
[1;35m[WARNING]: Collection community.docker does not support Ansible version 2.13.13[0m

PLAY [Destroy] *****************************************************************

TASK [Set async_dir for HOME env] **********************************************
[32mok: [localhost][0m

TASK [Destroy molecule instance(s)] ********************************************
[33mchanged: [localhost] => (item=instance)[0m

TASK [Wait for instance(s) deletion to complete] *******************************
[1;30mFAILED - RETRYING: [localhost]: Wait for instance(s) deletion to complete (300 retries left).[0m
[33mchanged: [localhost] => (item=instance)[0m

TASK [Delete docker networks(s)] ***********************************************

PLAY RECAP *********************************************************************
[33mlocalhost[0m                  : [32mok=3   [0m [33mchanged=2   [0m unreachable=0    failed=0    [36mskipped=1   [0m rescued=0    ignored=0

[34mINFO    [0m Pruning extra files from scenario ephemeral directory

Script done on 2024-12-21 12:17:09+00:00 [COMMAND_EXIT_CODE="0"]
